This file contains any messages produced by compilers while
running configure, to aid debugging if configure makes a mistake.

It was created by opus configure 1.1, which was
generated by GNU Autoconf 2.68.  Invocation command line was

  $ ./configure --disable-shared --enable-static --disable-doc --disable-extra-programs --with-pic --prefix /var/folders/h2/l77g9rlx3gj2pck1xt3nwdcc0000gn/T/ghosttype_opus_out_81c90f7394c9f9c5

## --------- ##
## Platform. ##
## --------- ##

hostname = songyidadeMacBook-Pro.local
uname -m = arm64
uname -r = 24.6.0
uname -s = Darwin
uname -v = Darwin Kernel Version 24.6.0: Mon Jul 14 11:28:30 PDT 2025; root:xnu-11417.140.69~1/RELEASE_ARM64_T6030

/usr/bin/uname -p = arm
/bin/uname -X     = unknown

/bin/arch              = unknown
/usr/bin/arch -k       = unknown
/usr/convex/getsysinfo = unknown
/usr/bin/hostinfo      = Mach kernel version:
	 Darwin Kernel Version 24.6.0: Mon Jul 14 11:28:30 PDT 2025; root:xnu-11417.140.69~1/RELEASE_ARM64_T6030
Kernel configured for up to 11 processors.
11 processors are physically available.
11 processors are logically available.
Processor type: arm64e (ARM64E)
Processors active: 0 1 2 3 4 5 6 7 8 9 10
Primary memory available: 18.00 gigabytes
Default processor set: 590 tasks, 4504 threads, 11 processors
Load average: 3.56, Mach factor: 7.43
/bin/machine           = unknown
/usr/bin/oslevel       = unknown
/bin/universe          = unknown

PATH: /Users/songyida/Documents/claude-work/01- 大型项目/GhostType/client/node_modules/.bin
PATH: /Users/songyida/Documents/claude-work/01- 大型项目/GhostType/node_modules/.bin
PATH: /Users/songyida/Documents/claude-work/01- 大型项目/node_modules/.bin
PATH: /Users/songyida/Documents/claude-work/node_modules/.bin
PATH: /Users/songyida/Documents/node_modules/.bin
PATH: /Users/songyida/node_modules/.bin
PATH: /Users/node_modules/.bin
PATH: /node_modules/.bin
PATH: /usr/local/lib/node_modules/npm/node_modules/@npmcli/run-script/lib/node-gyp-bin
PATH: /Library/Frameworks/Python.framework/Versions/3.12/bin
PATH: /opt/homebrew/bin
PATH: /opt/homebrew/sbin
PATH: /usr/local/bin
PATH: /System/Cryptexes/App/usr/bin
PATH: /usr/bin
PATH: /bin
PATH: /usr/sbin
PATH: /sbin
PATH: /var/run/com.apple.security.cryptexd/codex.system/bootstrap/usr/local/bin
PATH: /var/run/com.apple.security.cryptexd/codex.system/bootstrap/usr/bin
PATH: /var/run/com.apple.security.cryptexd/codex.system/bootstrap/usr/appleinternal/bin
PATH: /Library/TeX/texbin
PATH: /Users/songyida/.local/bin
PATH: /var/folders/h2/l77g9rlx3gj2pck1xt3nwdcc0000gn/T/.tmppqnIPa
PATH: /Users/songyida/.antigravity/antigravity/bin
PATH: /Users/songyida/google-cloud-sdk/bin
PATH: /Users/songyida/.sdkman/candidates/maven/current/bin
PATH: /Users/songyida/.sdkman/candidates/java/current/bin
PATH: /Users/songyida/.bun/bin
PATH: /Users/songyida/.nvm/versions/node/v24.3.0/bin
PATH: /opt/anaconda3/bin
PATH: /opt/anaconda3/condabin
PATH: /Library/Frameworks/Python.framework/Versions/3.12/bin
PATH: /Users/songyida/.cargo/bin
PATH: /Users/songyida/.vscode/extensions/openai.chatgpt-0.4.51-darwin-arm64/bin/macos-aarch64


## ----------- ##
## Core tests. ##
## ----------- ##

configure:2268: checking whether make supports nested variables
configure:2285: result: yes
configure:2351: checking for a BSD-compatible install
configure:2419: result: /usr/bin/install -c
configure:2430: checking whether build environment is sane
configure:2480: result: yes
configure:2621: checking for a thread-safe mkdir -p
configure:2660: result: ./install-sh -c -d
configure:2673: checking for gawk
configure:2703: result: no
configure:2673: checking for mawk
configure:2703: result: no
configure:2673: checking for nawk
configure:2703: result: no
configure:2673: checking for awk
configure:2689: found /usr/bin/awk
configure:2700: result: awk
configure:2711: checking whether make sets $(MAKE)
configure:2733: result: yes
configure:2805: checking whether to enable maintainer-specific portions of Makefiles
configure:2814: result: yes
configure:2832: checking build system type
configure:2846: result: arm-apple-darwin24.6.0
configure:2866: checking host system type
configure:2879: result: arm-apple-darwin24.6.0
configure:2907: WARNING: Libtool does not cope well with whitespace in `pwd`
configure:2951: checking how to print strings
configure:2978: result: printf
configure:3011: checking for style of include used by make
configure:3039: result: GNU
configure:3110: checking for gcc
configure:3126: found /usr/bin/gcc
configure:3137: result: gcc
configure:3366: checking for C compiler version
configure:3375: gcc --version >&5
Apple clang version 15.0.0 (clang-1500.3.9.4)
Target: arm64-apple-darwin24.6.0
Thread model: posix
InstalledDir: /Library/Developer/CommandLineTools/usr/bin
configure:3386: $? = 0
configure:3375: gcc -v >&5
Apple clang version 15.0.0 (clang-1500.3.9.4)
Target: arm64-apple-darwin24.6.0
Thread model: posix
InstalledDir: /Library/Developer/CommandLineTools/usr/bin
configure:3386: $? = 0
configure:3375: gcc -V >&5
clang: error: argument to '-V' is missing (expected 1 value)
clang: error: no input files
configure:3386: $? = 1
configure:3375: gcc -qversion >&5
clang: error: unknown argument '-qversion'; did you mean '--version'?
clang: error: no input files
configure:3386: $? = 1
configure:3406: checking whether the C compiler works
configure:3428: gcc    conftest.c  >&5
configure:3432: $? = 0
configure:3480: result: yes
configure:3483: checking for C compiler default output file name
configure:3485: result: a.out
configure:3491: checking for suffix of executables
configure:3498: gcc -o conftest    conftest.c  >&5
configure:3502: $? = 0
configure:3524: result: 
configure:3546: checking whether we are cross compiling
configure:3554: gcc -o conftest    conftest.c  >&5
configure:3558: $? = 0
configure:3565: ./conftest
configure:3569: $? = 0
configure:3584: result: no
configure:3589: checking for suffix of object files
configure:3611: gcc -c   conftest.c >&5
configure:3615: $? = 0
configure:3636: result: o
configure:3640: checking whether we are using the GNU C compiler
configure:3659: gcc -c   conftest.c >&5
configure:3659: $? = 0
configure:3668: result: yes
configure:3677: checking whether gcc accepts -g
configure:3697: gcc -c -g  conftest.c >&5
configure:3697: $? = 0
configure:3738: result: yes
configure:3755: checking for gcc option to accept ISO C89
configure:3819: gcc  -c -g -O2  conftest.c >&5
conftest.c:16:14: warning: a function definition without a prototype is deprecated in all versions of C and is not supported in C2x [-Wdeprecated-non-prototype]
static char *e (p, i)
             ^
1 warning generated.
configure:3819: $? = 0
configure:3832: result: none needed
configure:3854: checking dependency style of gcc
configure:3965: result: gcc3
configure:3980: checking for a sed that does not truncate output
configure:4044: result: /usr/bin/sed
configure:4062: checking for grep that handles long lines and -e
configure:4120: result: /usr/bin/grep
configure:4125: checking for egrep
configure:4187: result: /usr/bin/grep -E
configure:4192: checking for fgrep
configure:4254: result: /usr/bin/grep -F
configure:4289: checking for ld used by gcc
configure:4356: result: /Library/Developer/CommandLineTools/usr/bin/ld
configure:4363: checking if the linker (/Library/Developer/CommandLineTools/usr/bin/ld) is GNU ld
configure:4378: result: no
configure:4390: checking for BSD- or MS-compatible name lister (nm)
configure:4439: result: /usr/bin/nm -B
configure:4569: checking the name lister (/usr/bin/nm -B) interface
configure:4576: gcc -c -g -O2  conftest.c >&5
configure:4579: /usr/bin/nm -B "conftest.o"
configure:4582: output
0000000000000264 S _some_variable
0000000000000000 t ltmp0
0000000000000264 s ltmp1
configure:4589: result: BSD nm
configure:4592: checking whether ln -s works
configure:4596: result: yes
configure:4604: checking the maximum length of command line arguments
configure:4734: result: 
configure:4751: checking whether the shell understands some XSI constructs
configure:4761: result: yes
configure:4765: checking whether the shell understands "+="
configure:4771: result: yes
configure:4806: checking how to convert arm-apple-darwin24.6.0 file names to arm-apple-darwin24.6.0 format
configure:4846: result: func_convert_file_noop
configure:4853: checking how to convert arm-apple-darwin24.6.0 file names to toolchain format
configure:4873: result: func_convert_file_noop
configure:4880: checking for /Library/Developer/CommandLineTools/usr/bin/ld option to reload object files
configure:4887: result: -r
configure:4961: checking for objdump
configure:4977: found /usr/bin/objdump
configure:4988: result: objdump
configure:5020: checking how to recognize dependent libraries
configure:5222: result: pass_all
configure:5307: checking for dlltool
configure:5337: result: no
configure:5367: checking how to associate runtime and link libraries
configure:5394: result: printf %s\n
configure:5455: checking for ar
configure:5471: found /usr/bin/ar
configure:5482: result: ar
configure:5519: checking for archiver @FILE support
configure:5536: gcc -c -g -O2  conftest.c >&5
configure:5536: $? = 0
configure:5539: ar cru libconftest.a @conftest.lst >&5
ar: @conftest.lst: No such file or directory
configure:5542: $? = 1
configure:5562: result: no
configure:5620: checking for strip
configure:5636: found /usr/bin/strip
configure:5647: result: strip
configure:5719: checking for ranlib
configure:5735: found /usr/bin/ranlib
configure:5746: result: ranlib
configure:5848: checking command to parse /usr/bin/nm -B output from gcc object
configure:5968: gcc -c -g -O2  conftest.c >&5
configure:5971: $? = 0
configure:5975: /usr/bin/nm -B conftest.o \| sed -n -e 's/^.*[ ]\([ABCDGIRSTW][ABCDGIRSTW]*\)[ ][ ]*\([_A-Za-z][_A-Za-z0-9]*\)$/\1 \2 \2/p' | sed '/ __gnu_lto/d' \> conftest.nm
configure:5978: $? = 0
cannot find nm_test_var in conftest.nm
configure:5968: gcc -c -g -O2  conftest.c >&5
configure:5971: $? = 0
configure:5975: /usr/bin/nm -B conftest.o \| sed -n -e 's/^.*[ ]\([ABCDGIRSTW][ABCDGIRSTW]*\)[ ][ ]*_\([_A-Za-z][_A-Za-z0-9]*\)$/\1 _\2 \2/p' | sed '/ __gnu_lto/d' \> conftest.nm
configure:5978: $? = 0
configure:6044: gcc -o conftest -g -O2   conftest.c conftstm.o >&5
configure:6047: $? = 0
configure:6085: result: ok
configure:6122: checking for sysroot
configure:6152: result: no
configure:6408: checking for mt
configure:6438: result: no
configure:6458: checking if : is a manifest tool
configure:6464: : '-?'
configure:6472: result: no
configure:6528: checking for dsymutil
configure:6544: found /usr/bin/dsymutil
configure:6555: result: dsymutil
configure:6620: checking for nmedit
configure:6636: found /usr/bin/nmedit
configure:6647: result: nmedit
configure:6712: checking for lipo
configure:6728: found /usr/bin/lipo
configure:6739: result: lipo
configure:6804: checking for otool
configure:6820: found /usr/bin/otool
configure:6831: result: otool
configure:6896: checking for otool64
configure:6926: result: no
configure:6971: checking for -single_module linker flag
gcc -g -O2  -o libconftest.dylib -dynamiclib -Wl,-single_module conftest.c
ld: warning: -single_module is obsolete
configure:7004: result: no
configure:7007: checking for -exported_symbols_list linker flag
configure:7027: gcc -o conftest -g -O2   -Wl,-exported_symbols_list,conftest.sym conftest.c  >&5
configure:7027: $? = 0
configure:7037: result: yes
configure:7040: checking for -force_load linker flag
gcc -g -O2 -c -o conftest.o conftest.c
ar cru libconftest.a conftest.o
ranlib libconftest.a
gcc -g -O2  -o conftest conftest.c -Wl,-force_load,./libconftest.a
configure:7072: result: yes
configure:7114: checking how to run the C preprocessor
configure:7145: gcc -E  conftest.c
configure:7145: $? = 0
configure:7159: gcc -E  conftest.c
conftest.c:9:10: fatal error: 'ac_nonexistent.h' file not found
#include <ac_nonexistent.h>
         ^~~~~~~~~~~~~~~~~~
1 error generated.
configure:7159: $? = 1
configure: failed program was:
| /* confdefs.h */
| #define PACKAGE_NAME "opus"
| #define PACKAGE_TARNAME "opus"
| #define PACKAGE_VERSION "1.1"
| #define PACKAGE_STRING "opus 1.1"
| #define PACKAGE_BUGREPORT "opus@xiph.org"
| #define PACKAGE_URL ""
| /* end confdefs.h.  */
| #include <ac_nonexistent.h>
configure:7184: result: gcc -E
configure:7204: gcc -E  conftest.c
configure:7204: $? = 0
configure:7218: gcc -E  conftest.c
conftest.c:9:10: fatal error: 'ac_nonexistent.h' file not found
#include <ac_nonexistent.h>
         ^~~~~~~~~~~~~~~~~~
1 error generated.
configure:7218: $? = 1
configure: failed program was:
| /* confdefs.h */
| #define PACKAGE_NAME "opus"
| #define PACKAGE_TARNAME "opus"
| #define PACKAGE_VERSION "1.1"
| #define PACKAGE_STRING "opus 1.1"
| #define PACKAGE_BUGREPORT "opus@xiph.org"
| #define PACKAGE_URL ""
| /* end confdefs.h.  */
| #include <ac_nonexistent.h>
configure:7247: checking for ANSI C header files
configure:7267: gcc -c -g -O2  conftest.c >&5
configure:7267: $? = 0
configure:7340: gcc -o conftest -g -O2   conftest.c  >&5
configure:7340: $? = 0
configure:7340: ./conftest
configure:7340: $? = 0
configure:7351: result: yes
configure:7364: checking for sys/types.h
configure:7364: gcc -c -g -O2  conftest.c >&5
configure:7364: $? = 0
configure:7364: result: yes
configure:7364: checking for sys/stat.h
configure:7364: gcc -c -g -O2  conftest.c >&5
configure:7364: $? = 0
configure:7364: result: yes
configure:7364: checking for stdlib.h
configure:7364: gcc -c -g -O2  conftest.c >&5
configure:7364: $? = 0
configure:7364: result: yes
configure:7364: checking for string.h
configure:7364: gcc -c -g -O2  conftest.c >&5
configure:7364: $? = 0
configure:7364: result: yes
configure:7364: checking for memory.h
configure:7364: gcc -c -g -O2  conftest.c >&5
configure:7364: $? = 0
configure:7364: result: yes
configure:7364: checking for strings.h
configure:7364: gcc -c -g -O2  conftest.c >&5
configure:7364: $? = 0
configure:7364: result: yes
configure:7364: checking for inttypes.h
configure:7364: gcc -c -g -O2  conftest.c >&5
configure:7364: $? = 0
configure:7364: result: yes
configure:7364: checking for stdint.h
configure:7364: gcc -c -g -O2  conftest.c >&5
configure:7364: $? = 0
configure:7364: result: yes
configure:7364: checking for unistd.h
configure:7364: gcc -c -g -O2  conftest.c >&5
configure:7364: $? = 0
configure:7364: result: yes
configure:7378: checking for dlfcn.h
configure:7378: gcc -c -g -O2  conftest.c >&5
configure:7378: $? = 0
configure:7378: result: yes
configure:7584: checking for objdir
configure:7599: result: .libs
configure:7870: checking if gcc supports -fno-rtti -fno-exceptions
configure:7888: gcc -c -g -O2  -fno-rtti -fno-exceptions conftest.c >&5
configure:7892: $? = 0
configure:7905: result: yes
configure:8232: checking for gcc option to produce PIC
configure:8239: result: -fno-common -DPIC
configure:8247: checking if gcc PIC flag -fno-common -DPIC works
configure:8265: gcc -c -g -O2  -fno-common -DPIC -DPIC conftest.c >&5
configure:8269: $? = 0
configure:8282: result: yes
configure:8311: checking if gcc static flag -static works
configure:8339: result: no
configure:8354: checking if gcc supports -c -o file.o
configure:8375: gcc -c -g -O2  -o out/conftest2.o conftest.c >&5
configure:8379: $? = 0
configure:8401: result: yes
configure:8409: checking if gcc supports -c -o file.o
configure:8456: result: yes
configure:8489: checking whether the gcc linker (/Library/Developer/CommandLineTools/usr/bin/ld) supports shared libraries
configure:9642: result: yes
configure:9882: checking dynamic linker characteristics
configure:10619: result: darwin24.6.0 dyld
configure:10726: checking how to hardcode library paths into programs
configure:10751: result: immediate
configure:11291: checking whether stripping libraries is possible
configure:11305: result: yes
configure:11331: checking if libtool supports shared libraries
configure:11333: result: yes
configure:11336: checking whether to build shared libraries
configure:11357: result: no
configure:11360: checking whether to build static libraries
configure:11364: result: yes
configure:11402: checking whether gcc and cc understand -c and -o together
configure:11433: gcc -c conftest.c -o conftest2.o >&5
configure:11437: $? = 0
configure:11443: gcc -c conftest.c -o conftest2.o >&5
configure:11447: $? = 0
configure:11458: cc -c conftest.c >&5
configure:11462: $? = 0
configure:11470: cc -c conftest.c -o conftest2.o >&5
configure:11474: $? = 0
configure:11480: cc -c conftest.c -o conftest2.o >&5
configure:11484: $? = 0
configure:11502: result: yes
configure:11528: checking for gcc option to accept ISO C99
configure:11677: gcc  -c -g -O2  conftest.c >&5
configure:11677: $? = 0
configure:11690: result: none needed
configure:11705: checking for an ANSI C-conforming const
configure:11770: gcc -c -g -O2  conftest.c >&5
configure:11770: $? = 0
configure:11777: result: yes
configure:11785: checking for inline
configure:11801: gcc -c -g -O2  conftest.c >&5
configure:11801: $? = 0
configure:11809: result: inline
configure:11837: checking dependency style of gcc
configure:11946: result: gcc3
configure:11970: checking for C/C++ restrict keyword
configure:11995: gcc -c -g -O2  conftest.c >&5
configure:11995: $? = 0
configure:12003: result: __restrict
configure:12018: checking for C99 variable-size arrays
configure:12031: gcc -c -g -O2  conftest.c >&5
configure:12031: $? = 0
configure:12044: result: yes
configure:12961: checking if gcc supports -fvisibility=hidden
configure:12967: gcc -c -g -O2 -fvisibility=hidden  conftest.c >&5
configure:12967: $? = 0
configure:12968: result: yes
configure:12983: checking if gcc supports -Wall -Wextra -Wcast-align -Wnested-externs -Wshadow -Wstrict-prototypes
configure:12989: gcc -c -g -O2 -fvisibility=hidden -W -Wall -Wextra -Wcast-align -Wnested-externs -Wshadow -Wstrict-prototypes  conftest.c >&5
configure:12989: $? = 0
configure:12990: result: yes
configure:13004: checking for lrintf
configure:13004: gcc -o conftest -g -O2 -fvisibility=hidden -W -Wall -Wextra -Wcast-align -Wnested-externs -Wshadow -Wstrict-prototypes   conftest.c   >&5
conftest.c:47:13: warning: a function declaration without a prototype is deprecated in all versions of C [-Wstrict-prototypes]
char lrintf ();
            ^
             void
conftest.c:47:6: warning: incompatible redeclaration of library function 'lrintf' [-Wincompatible-library-redeclaration]
char lrintf ();
     ^
conftest.c:47:6: note: 'lrintf' is a builtin with type 'long (float)'
conftest.c:56:6: warning: a function declaration without a prototype is deprecated in all versions of C [-Wstrict-prototypes]
main ()
     ^
      void
3 warnings generated.
configure:13004: $? = 0
configure:13004: result: yes
configure:13015: checking for lrint
configure:13015: gcc -o conftest -g -O2 -fvisibility=hidden -W -Wall -Wextra -Wcast-align -Wnested-externs -Wshadow -Wstrict-prototypes   conftest.c   >&5
conftest.c:48:12: warning: a function declaration without a prototype is deprecated in all versions of C [-Wstrict-prototypes]
char lrint ();
           ^
            void
conftest.c:48:6: warning: incompatible redeclaration of library function 'lrint' [-Wincompatible-library-redeclaration]
char lrint ();
     ^
conftest.c:48:6: note: 'lrint' is a builtin with type 'long (double)'
conftest.c:57:6: warning: a function declaration without a prototype is deprecated in all versions of C [-Wstrict-prototypes]
main ()
     ^
      void
3 warnings generated.
configure:13015: $? = 0
configure:13015: result: yes
configure:13028: checking for __malloc_hook
configure:13028: gcc -o conftest -g -O2 -fvisibility=hidden -W -Wall -Wextra -Wcast-align -Wnested-externs -Wshadow -Wstrict-prototypes   conftest.c  >&5
conftest.c:49:20: warning: a function declaration without a prototype is deprecated in all versions of C [-Wstrict-prototypes]
char __malloc_hook ();
                   ^
                    void
conftest.c:58:6: warning: a function declaration without a prototype is deprecated in all versions of C [-Wstrict-prototypes]
main ()
     ^
      void
2 warnings generated.
Undefined symbols for architecture arm64:
  "___malloc_hook", referenced from:
      _main in conftest-3d6010.o
ld: symbol(s) not found for architecture arm64
clang: error: linker command failed with exit code 1 (use -v to see invocation)
configure:13028: $? = 1
configure: failed program was:
| /* confdefs.h */
| #define PACKAGE_NAME "opus"
| #define PACKAGE_TARNAME "opus"
| #define PACKAGE_VERSION "1.1"
| #define PACKAGE_STRING "opus 1.1"
| #define PACKAGE_BUGREPORT "opus@xiph.org"
| #define PACKAGE_URL ""
| #define STDC_HEADERS 1
| #define HAVE_SYS_TYPES_H 1
| #define HAVE_SYS_STAT_H 1
| #define HAVE_STDLIB_H 1
| #define HAVE_STRING_H 1
| #define HAVE_MEMORY_H 1
| #define HAVE_STRINGS_H 1
| #define HAVE_INTTYPES_H 1
| #define HAVE_STDINT_H 1
| #define HAVE_UNISTD_H 1
| #define HAVE_DLFCN_H 1
| #define LT_OBJDIR ".libs/"
| #define OPUS_BUILD /**/
| #define restrict __restrict
| #define VAR_ARRAYS 1
| #define HAVE_LRINTF 1
| #define HAVE_LRINT 1
| /* end confdefs.h.  */
| /* Define __malloc_hook to an innocuous variant, in case <limits.h> declares __malloc_hook.
|    For example, HP-UX 11i <limits.h> declares gettimeofday.  */
| #define __malloc_hook innocuous___malloc_hook
| 
| /* System header to define __stub macros and hopefully few prototypes,
|     which can conflict with char __malloc_hook (); below.
|     Prefer <limits.h> to <assert.h> if __STDC__ is defined, since
|     <limits.h> exists even on freestanding compilers.  */
| 
| #ifdef __STDC__
| # include <limits.h>
| #else
| # include <assert.h>
| #endif
| 
| #undef __malloc_hook
| 
| /* Override any GCC internal prototype to avoid an error.
|    Use char because int might match the return type of a GCC
|    builtin and then its argument prototype would still apply.  */
| #ifdef __cplusplus
| extern "C"
| #endif
| char __malloc_hook ();
| /* The GNU C library defines this for functions which it implements
|     to always fail with ENOSYS.  Some functions are actually named
|     something starting with __ and the normal name is an alias.  */
| #if defined __stub___malloc_hook || defined __stub_____malloc_hook
| choke me
| #endif
| 
| int
| main ()
| {
| return __malloc_hook ();
|   ;
|   return 0;
| }
configure:13028: result: no
configure:13223: creating ./config.status

## ---------------------- ##
## Running config.status. ##
## ---------------------- ##

This file was extended by opus config.status 1.1, which was
generated by GNU Autoconf 2.68.  Invocation command line was

  CONFIG_FILES    = 
  CONFIG_HEADERS  = 
  CONFIG_LINKS    = 
  CONFIG_COMMANDS = 
  $ ./config.status 

on songyidadeMacBook-Pro.local

config.status:1132: creating Makefile
config.status:1132: creating opus.pc
config.status:1132: creating opus-uninstalled.pc
config.status:1132: creating celt/arm/armopts.s
config.status:1132: creating doc/Makefile
config.status:1132: creating doc/Doxyfile
config.status:1132: creating config.h
config.status:1313: config.h is unchanged
config.status:1361: executing depfiles commands
config.status:1361: executing libtool commands
configure:15495:
------------------------------------------------------------------------
  opus 1.1:  Automatic configuration OK.

    Compiler support:

      C99 var arrays: ................ yes
      C99 lrintf: .................... yes
      Use alloca: .................... no (using var arrays)

    General configuration:

      Floating point support: ........ yes
      Fast float approximations: ..... no
      Fixed point debugging: ......... no
      Inline Assembly Optimizations: . No ASM for your platform, please send patches
      External Assembly Optimizations: 
      Run-time CPU detection: ........ no
      Custom modes: .................. no
      Assertion checking: ............ no
      Fuzzing: ....................... no

      API documentation: ............. no
      Extra programs: ................ no
------------------------------------------------------------------------

 Type "make; make install" to compile and install
 Type "make check" to run the test suite


## ---------------- ##
## Cache variables. ##
## ---------------- ##

ac_cv_build=arm-apple-darwin24.6.0
ac_cv_c_compiler_gnu=yes
ac_cv_c_const=yes
ac_cv_c_inline=inline
ac_cv_c_restrict=__restrict
ac_cv_env_CCASFLAGS_set=
ac_cv_env_CCASFLAGS_value=
ac_cv_env_CCAS_set=
ac_cv_env_CCAS_value=
ac_cv_env_CC_set=
ac_cv_env_CC_value=
ac_cv_env_CFLAGS_set=
ac_cv_env_CFLAGS_value=
ac_cv_env_CPPFLAGS_set=
ac_cv_env_CPPFLAGS_value=
ac_cv_env_CPP_set=
ac_cv_env_CPP_value=
ac_cv_env_LDFLAGS_set=
ac_cv_env_LDFLAGS_value=
ac_cv_env_LIBS_set=
ac_cv_env_LIBS_value=
ac_cv_env_build_alias_set=
ac_cv_env_build_alias_value=
ac_cv_env_host_alias_set=
ac_cv_env_host_alias_value=
ac_cv_env_target_alias_set=
ac_cv_env_target_alias_value=
ac_cv_func___malloc_hook=no
ac_cv_func_lrint=yes
ac_cv_func_lrintf=yes
ac_cv_header_dlfcn_h=yes
ac_cv_header_inttypes_h=yes
ac_cv_header_memory_h=yes
ac_cv_header_stdc=yes
ac_cv_header_stdint_h=yes
ac_cv_header_stdlib_h=yes
ac_cv_header_string_h=yes
ac_cv_header_strings_h=yes
ac_cv_header_sys_stat_h=yes
ac_cv_header_sys_types_h=yes
ac_cv_header_unistd_h=yes
ac_cv_host=arm-apple-darwin24.6.0
ac_cv_objext=o
ac_cv_path_EGREP='/usr/bin/grep -E'
ac_cv_path_FGREP='/usr/bin/grep -F'
ac_cv_path_GREP=/usr/bin/grep
ac_cv_path_SED=/usr/bin/sed
ac_cv_path_install='/usr/bin/install -c'
ac_cv_prog_AWK=awk
ac_cv_prog_CPP='gcc -E'
ac_cv_prog_ac_ct_AR=ar
ac_cv_prog_ac_ct_CC=gcc
ac_cv_prog_ac_ct_DSYMUTIL=dsymutil
ac_cv_prog_ac_ct_LIPO=lipo
ac_cv_prog_ac_ct_NMEDIT=nmedit
ac_cv_prog_ac_ct_OBJDUMP=objdump
ac_cv_prog_ac_ct_OTOOL=otool
ac_cv_prog_ac_ct_RANLIB=ranlib
ac_cv_prog_ac_ct_STRIP=strip
ac_cv_prog_cc_c89=
ac_cv_prog_cc_c99=
ac_cv_prog_cc_g=yes
ac_cv_prog_cc_gcc_c_o=yes
ac_cv_prog_make_make_set=yes
am_cv_CCAS_dependencies_compiler_type=gcc3
am_cv_CC_dependencies_compiler_type=gcc3
am_cv_make_support_nested_variables=yes
lt_cv_apple_cc_single_mod=no
lt_cv_ar_at_file=no
lt_cv_deplibs_check_method=pass_all
lt_cv_file_magic_cmd='$MAGIC_CMD'
lt_cv_file_magic_test_file=
lt_cv_ld_exported_symbols_list=yes
lt_cv_ld_force_load=yes
lt_cv_ld_reload_flag=-r
lt_cv_nm_interface='BSD nm'
lt_cv_objdir=.libs
lt_cv_path_LD=/Library/Developer/CommandLineTools/usr/bin/ld
lt_cv_path_NM='/usr/bin/nm -B'
lt_cv_path_mainfest_tool=no
lt_cv_prog_compiler_c_o=yes
lt_cv_prog_compiler_pic='-fno-common -DPIC'
lt_cv_prog_compiler_pic_works=yes
lt_cv_prog_compiler_rtti_exceptions=yes
lt_cv_prog_compiler_static_works=no
lt_cv_prog_gnu_ld=no
lt_cv_sharedlib_from_linklib_cmd='printf %s\n'
lt_cv_sys_global_symbol_pipe='sed -n -e '\''s/^.*[	 ]\([ABCDGIRSTW][ABCDGIRSTW]*\)[	 ][	 ]*_\([_A-Za-z][_A-Za-z0-9]*\)$/\1 _\2 \2/p'\'' | sed '\''/ __gnu_lto/d'\'''
lt_cv_sys_global_symbol_to_c_name_address='sed -n -e '\''s/^: \([^ ]*\)[ ]*$/  {\"\1\", (void *) 0},/p'\'' -e '\''s/^[ABCDGIRSTW]* \([^ ]*\) \([^ ]*\)$/  {"\2", (void *) \&\2},/p'\'''
lt_cv_sys_global_symbol_to_c_name_address_lib_prefix='sed -n -e '\''s/^: \([^ ]*\)[ ]*$/  {\"\1\", (void *) 0},/p'\'' -e '\''s/^[ABCDGIRSTW]* \([^ ]*\) \(lib[^ ]*\)$/  {"\2", (void *) \&\2},/p'\'' -e '\''s/^[ABCDGIRSTW]* \([^ ]*\) \([^ ]*\)$/  {"lib\2", (void *) \&\2},/p'\'''
lt_cv_sys_global_symbol_to_cdecl='sed -n -e '\''s/^T .* \(.*\)$/extern int \1();/p'\'' -e '\''s/^[ABCDGIRSTW]* .* \(.*\)$/extern char \1;/p'\'''
lt_cv_sys_max_cmd_len=
lt_cv_to_host_file_cmd=func_convert_file_noop
lt_cv_to_tool_file_cmd=func_convert_file_noop

## ----------------- ##
## Output variables. ##
## ----------------- ##

ACLOCAL='${SHELL} "/Users/songyida/Documents/claude-work/01- 大型项目/GhostType/client/src-tauri/vendor/opus-sys/libopus/missing" --run aclocal-1.11'
AMDEPBACKSLASH='\'
AMDEP_FALSE='#'
AMDEP_TRUE=''
AMTAR='$${TAR-tar}'
AM_BACKSLASH='\'
AM_DEFAULT_V='$(AM_DEFAULT_VERBOSITY)'
AM_DEFAULT_VERBOSITY='0'
AM_V='$(V)'
AR='ar'
AUTOCONF='${SHELL} "/Users/songyida/Documents/claude-work/01- 大型项目/GhostType/client/src-tauri/vendor/opus-sys/libopus/missing" --run autoconf'
AUTOHEADER='${SHELL} "/Users/songyida/Documents/claude-work/01- 大型项目/GhostType/client/src-tauri/vendor/opus-sys/libopus/missing" --run autoheader'
AUTOMAKE='${SHELL} "/Users/songyida/Documents/claude-work/01- 大型项目/GhostType/client/src-tauri/vendor/opus-sys/libopus/missing" --run automake-1.11'
AWK='awk'
CC='gcc'
CCAS='gcc'
CCASDEPMODE='depmode=gcc3'
CCASFLAGS='-g -O2'
CCDEPMODE='depmode=gcc3'
CFLAGS='-g -O2 -fvisibility=hidden -W -Wall -Wextra -Wcast-align -Wnested-externs -Wshadow -Wstrict-prototypes'
CPP='gcc -E'
CPPFLAGS=''
CPU_ARM_FALSE=''
CPU_ARM_TRUE='#'
CUSTOM_MODES_FALSE=''
CUSTOM_MODES_TRUE='#'
CYGPATH_W='echo'
DEFS='-DHAVE_CONFIG_H'
DEPDIR='.deps'
DISABLE_FLOAT_API_FALSE=''
DISABLE_FLOAT_API_TRUE='#'
DLLTOOL='false'
DSYMUTIL='dsymutil'
DUMPBIN=''
ECHO_C='\c'
ECHO_N=''
ECHO_T=''
EGREP='/usr/bin/grep -E'
EXEEXT=''
EXTRA_PROGRAMS_FALSE=''
EXTRA_PROGRAMS_TRUE='#'
FGREP='/usr/bin/grep -F'
FIXED_POINT_FALSE=''
FIXED_POINT_TRUE='#'
GREP='/usr/bin/grep'
HAVE_DOXYGEN='no'
HAVE_DOXYGEN_FALSE=''
HAVE_DOXYGEN_TRUE='#'
HAVE_PERL=''
INSTALL_DATA='${INSTALL} -m 644'
INSTALL_PROGRAM='${INSTALL}'
INSTALL_SCRIPT='${INSTALL}'
INSTALL_STRIP_PROGRAM='$(install_sh) -c -s'
LD='/Library/Developer/CommandLineTools/usr/bin/ld'
LDFLAGS=''
LIBM=''
LIBOBJS=''
LIBS=''
LIBTOOL='$(SHELL) $(top_builddir)/libtool'
LIPO='lipo'
LN_S='ln -s'
LTLIBOBJS=''
MAINT=''
MAINTAINER_MODE_FALSE='#'
MAINTAINER_MODE_TRUE=''
MAKEINFO='${SHELL} "/Users/songyida/Documents/claude-work/01- 大型项目/GhostType/client/src-tauri/vendor/opus-sys/libopus/missing" --run makeinfo'
MANIFEST_TOOL=':'
MKDIR_P='./install-sh -c -d'
NM='/usr/bin/nm -B'
NMEDIT='nmedit'
OBJDUMP='objdump'
OBJEXT='o'
OPUS_ARM_EXTERNAL_ASM_FALSE=''
OPUS_ARM_EXTERNAL_ASM_TRUE='#'
OPUS_ARM_INLINE_ASM_FALSE=''
OPUS_ARM_INLINE_ASM_TRUE='#'
OPUS_ARM_MAY_HAVE_EDSP=''
OPUS_ARM_MAY_HAVE_MEDIA=''
OPUS_ARM_MAY_HAVE_NEON=''
OPUS_HAVE_RTCD=''
OPUS_LT_AGE='5'
OPUS_LT_CURRENT='5'
OPUS_LT_REVISION='0'
OTOOL64=':'
OTOOL='otool'
PACKAGE='opus'
PACKAGE_BUGREPORT='opus@xiph.org'
PACKAGE_NAME='opus'
PACKAGE_STRING='opus 1.1'
PACKAGE_TARNAME='opus'
PACKAGE_URL=''
PACKAGE_VERSION='1.1'
PATH_SEPARATOR=':'
PC_BUILD='floating-point'
RANLIB='ranlib'
SED='/usr/bin/sed'
SET_MAKE=''
SHELL='/bin/sh'
STRIP='strip'
VERSION='1.1'
ac_ct_AR='ar'
ac_ct_CC='gcc'
ac_ct_DUMPBIN=''
am__EXEEXT_FALSE=''
am__EXEEXT_TRUE='#'
am__fastdepCCAS_FALSE='#'
am__fastdepCCAS_TRUE=''
am__fastdepCC_FALSE='#'
am__fastdepCC_TRUE=''
am__include='include'
am__isrc=''
am__leading_dot='.'
am__nodep='_no'
am__quote=''
am__tar='$${TAR-tar} chof - "$$tardir"'
am__untar='$${TAR-tar} xf -'
bindir='${exec_prefix}/bin'
build='arm-apple-darwin24.6.0'
build_alias=''
build_cpu='arm'
build_os='darwin24.6.0'
build_vendor='apple'
datadir='${datarootdir}'
datarootdir='${prefix}/share'
docdir='${datarootdir}/doc/${PACKAGE_TARNAME}'
dvidir='${docdir}'
exec_prefix='${prefix}'
host='arm-apple-darwin24.6.0'
host_alias=''
host_cpu='arm'
host_os='darwin24.6.0'
host_vendor='apple'
htmldir='${docdir}'
includedir='${prefix}/include'
infodir='${datarootdir}/info'
install_sh='${SHELL} '\''/Users/songyida/Documents/claude-work/01- 大型项目/GhostType/client/src-tauri/vendor/opus-sys/libopus/install-sh'\'''
libdir='${exec_prefix}/lib'
libexecdir='${exec_prefix}/libexec'
localedir='${datarootdir}/locale'
localstatedir='${prefix}/var'
mandir='${datarootdir}/man'
mkdir_p='$(top_builddir)/./install-sh -c -d'
oldincludedir='/usr/include'
pdfdir='${docdir}'
prefix='/var/folders/h2/l77g9rlx3gj2pck1xt3nwdcc0000gn/T/ghosttype_opus_out_81c90f7394c9f9c5'
program_transform_name='s,x,x,'
psdir='${docdir}'
sbindir='${exec_prefix}/sbin'
sharedstatedir='${prefix}/com'
sysconfdir='${prefix}/etc'
target_alias=''

## ----------- ##
## confdefs.h. ##
## ----------- ##

/* confdefs.h */
#define PACKAGE_NAME "opus"
#define PACKAGE_TARNAME "opus"
#define PACKAGE_VERSION "1.1"
#define PACKAGE_STRING "opus 1.1"
#define PACKAGE_BUGREPORT "opus@xiph.org"
#define PACKAGE_URL ""
#define STDC_HEADERS 1
#define HAVE_SYS_TYPES_H 1
#define HAVE_SYS_STAT_H 1
#define HAVE_STDLIB_H 1
#define HAVE_STRING_H 1
#define HAVE_MEMORY_H 1
#define HAVE_STRINGS_H 1
#define HAVE_INTTYPES_H 1
#define HAVE_STDINT_H 1
#define HAVE_UNISTD_H 1
#define HAVE_DLFCN_H 1
#define LT_OBJDIR ".libs/"
#define OPUS_BUILD /**/
#define restrict __restrict
#define VAR_ARRAYS 1
#define HAVE_LRINTF 1
#define HAVE_LRINT 1

configure: exit 0
